0 info it worked if it ends with ok
1 verbose cli [ '/Users/duivvv/.nvm/versions/node/v6.4.0/bin/node',
1 verbose cli   '/Users/duivvv/.nvm/versions/node/v6.4.0/bin/npm',
1 verbose cli   'publish' ]
2 info using npm@3.10.8
3 info using node@v6.4.0
4 verbose publish [ '.' ]
5 silly cache add args [ '.', null ]
6 verbose cache add spec .
7 silly cache add parsed spec Result {
7 silly cache add   raw: '.',
7 silly cache add   scope: null,
7 silly cache add   escapedName: null,
7 silly cache add   name: null,
7 silly cache add   rawSpec: '.',
7 silly cache add   spec: '/Users/duivvv/Documents/dev/modules/note-to-frequency',
7 silly cache add   type: 'directory' }
8 verbose addLocalDirectory /Users/duivvv/.npm/note-to-frequency/1.1.0/package.tgz not in flight; packing
9 verbose correctMkdir /Users/duivvv/.npm correctMkdir not in flight; initializing
10 info lifecycle note-to-frequency@1.1.0~prepublish: note-to-frequency@1.1.0
11 verbose lifecycle note-to-frequency@1.1.0~prepublish: unsafe-perm in lifecycle true
12 verbose lifecycle note-to-frequency@1.1.0~prepublish: PATH: /Users/duivvv/.nvm/versions/node/v6.4.0/lib/node_modules/npm/bin/node-gyp-bin:/Users/duivvv/Documents/dev/modules/note-to-frequency/node_modules/.bin::/Library/Haskell/ghc-7.8.3-x86_64/bin:/Users/duivvv/.rvm/gems/ruby-2.1.2/bin:/Users/duivvv/.rvm/gems/ruby-2.1.2@global/bin:/Users/duivvv/.rvm/rubies/ruby-2.1.2/bin:~/bin:/Users/duivvv/.nvm/versions/node/v6.4.0/bin:/usr/local/bin:/usr/bin:/bin:/usr/sbin:/sbin:/opt/X11/bin:/usr/texbin:~/bin:~/bin:~/bin:~/bin:/Users/duivvv/.rvm/gems/ruby-2.1.2/bin:/Users/duivvv/.rvm/gems/ruby-2.1.2@global/bin:/Users/duivvv/.rvm/rubies/ruby-2.1.2/bin:~/bin:~/bin:/usr/local/bin:/usr/bin:/bin:/usr/sbin:/sbin:/opt/X11/bin:/usr/texbin:/Users/duivvv/.rvm/bin:/Users/duivvv/.rvm/bin:/Users/duivvv/.rvm/bin:/Users/duivvv/.rvm/bin
13 verbose lifecycle note-to-frequency@1.1.0~prepublish: CWD: /Users/duivvv/Documents/dev/modules/note-to-frequency
14 silly lifecycle note-to-frequency@1.1.0~prepublish: Args: [ '-c', 'npm run build' ]
15 silly lifecycle note-to-frequency@1.1.0~prepublish: Returned: code: 1  signal: null
16 info lifecycle note-to-frequency@1.1.0~prepublish: Failed to exec prepublish script
17 error addLocal Could not install /Users/duivvv/Documents/dev/modules/note-to-frequency
18 verbose stack Error: note-to-frequency@1.1.0 prepublish: `npm run build`
18 verbose stack Exit status 1
18 verbose stack     at EventEmitter.<anonymous> (/Users/duivvv/.nvm/versions/node/v6.4.0/lib/node_modules/npm/lib/utils/lifecycle.js:255:16)
18 verbose stack     at emitTwo (events.js:106:13)
18 verbose stack     at EventEmitter.emit (events.js:191:7)
18 verbose stack     at ChildProcess.<anonymous> (/Users/duivvv/.nvm/versions/node/v6.4.0/lib/node_modules/npm/lib/utils/spawn.js:40:14)
18 verbose stack     at emitTwo (events.js:106:13)
18 verbose stack     at ChildProcess.emit (events.js:191:7)
18 verbose stack     at maybeClose (internal/child_process.js:852:16)
18 verbose stack     at Process.ChildProcess._handle.onexit (internal/child_process.js:215:5)
19 verbose pkgid note-to-frequency@1.1.0
20 verbose cwd /Users/duivvv/Documents/dev/modules/note-to-frequency
21 error Darwin 16.0.0
22 error argv "/Users/duivvv/.nvm/versions/node/v6.4.0/bin/node" "/Users/duivvv/.nvm/versions/node/v6.4.0/bin/npm" "publish"
23 error node v6.4.0
24 error npm  v3.10.8
25 error code ELIFECYCLE
26 error note-to-frequency@1.1.0 prepublish: `npm run build`
26 error Exit status 1
27 error Failed at the note-to-frequency@1.1.0 prepublish script 'npm run build'.
27 error Make sure you have the latest version of node.js and npm installed.
27 error If you do, this is most likely a problem with the note-to-frequency package,
27 error not with npm itself.
27 error Tell the author that this fails on your system:
27 error     npm run build
27 error You can get information on how to open an issue for this project with:
27 error     npm bugs note-to-frequency
27 error Or if that isn't available, you can get their info via:
27 error     npm owner ls note-to-frequency
27 error There is likely additional logging output above.
28 verbose exit [ 1, true ]
